[2022-07-21 12:04:10,318] INFO [local-file-source|task-0] [Producer clientId=connector-producer-local-file-source-0] Resetting the last seen epoch of partition connect-test-0 to 0 since the associated topicId changed from null to RBmKRkZiTzKmdKzl3X3ufw (org.apache.kafka.clients.Metadata:402)
[2022-07-21 12:05:28,444] INFO Kafka Connect stopping (org.apache.kafka.connect.runtime.Connect:67)
[2022-07-21 12:05:28,445] INFO Stopping REST server (org.apache.kafka.connect.runtime.rest.RestServer:311)
[2022-07-21 12:05:28,452] INFO Stopped http_8083@c8b96ec{HTTP/1.1, (http/1.1)}{0.0.0.0:8083} (org.eclipse.jetty.server.AbstractConnector:381)
[2022-07-21 12:05:28,452] INFO node0 Stopped scavenging (org.eclipse.jetty.server.session:149)
[2022-07-21 12:05:28,457] INFO REST server stopped (org.apache.kafka.connect.runtime.rest.RestServer:328)
[2022-07-21 12:05:28,457] INFO Herder stopping (org.apache.kafka.connect.runtime.standalone.StandaloneHerder:106)
[2022-07-21 12:05:28,458] INFO [local-file-source|task-0] Stopping task local-file-source-0 (org.apache.kafka.connect.runtime.Worker:828)
[2022-07-21 12:05:29,333] INFO [local-file-source|task-0] [Producer clientId=connector-producer-local-file-source-0] Closing the Kafka producer with timeoutMillis = 30000 ms. (org.apache.kafka.clients.producer.KafkaProducer:1249)
[2022-07-21 12:05:29,339] INFO [local-file-source|task-0] Metrics scheduler closed (org.apache.kafka.common.metrics.Metrics:659)
[2022-07-21 12:05:29,339] INFO [local-file-source|task-0] Closing reporter org.apache.kafka.common.metrics.JmxReporter (org.apache.kafka.common.metrics.Metrics:663)
[2022-07-21 12:05:29,339] INFO [local-file-source|task-0] Metrics reporters closed (org.apache.kafka.common.metrics.Metrics:669)
[2022-07-21 12:05:29,340] INFO [local-file-source|task-0] App info kafka.producer for connector-producer-local-file-source-0 unregistered (org.apache.kafka.common.utils.AppInfoParser:83)
[2022-07-21 12:05:29,350] INFO [local-file-source|worker] Stopping connector local-file-source (org.apache.kafka.connect.runtime.Worker:375)
[2022-07-21 12:05:29,351] INFO [local-file-source|worker] Scheduled shutdown for WorkerConnector{id=local-file-source} (org.apache.kafka.connect.runtime.WorkerConnector:248)
[2022-07-21 12:05:29,351] INFO [local-file-source|worker] Completed shutdown for WorkerConnector{id=local-file-source} (org.apache.kafka.connect.runtime.WorkerConnector:268)
[2022-07-21 12:05:29,352] INFO [local-file-sink|task-0] Stopping task local-file-sink-0 (org.apache.kafka.connect.runtime.Worker:828)
[2022-07-21 12:05:29,354] INFO [local-file-sink|task-0] [Consumer clientId=connector-consumer-local-file-sink-0, groupId=connect-local-file-sink] Revoke previously assigned partitions connect-test-0 (org.apache.kafka.clients.consumer.internals.ConsumerCoordinator:325)
[2022-07-21 12:05:29,354] INFO [local-file-sink|task-0] [Consumer clientId=connector-consumer-local-file-sink-0, groupId=connect-local-file-sink] Member connector-consumer-local-file-sink-0-4f523a52-270f-4d1a-ac3f-fb94666b80d7 sending LeaveGroup request to coordinator bellias-server:9092 (id: 2147483647 rack: null) due to the consumer is being closed (org.apache.kafka.clients.consumer.internals.ConsumerCoordinator:1106)
[2022-07-21 12:05:29,355] INFO [local-file-sink|task-0] [Consumer clientId=connector-consumer-local-file-sink-0, groupId=connect-local-file-sink] Resetting generation and member id due to: consumer pro-actively leaving the group (org.apache.kafka.clients.consumer.internals.ConsumerCoordinator:998)
[2022-07-21 12:05:29,355] INFO [local-file-sink|task-0] [Consumer clientId=connector-consumer-local-file-sink-0, groupId=connect-local-file-sink] Request joining group due to: consumer pro-actively leaving the group (org.apache.kafka.clients.consumer.internals.ConsumerCoordinator:1045)
[2022-07-21 12:05:29,358] INFO [local-file-sink|task-0] Metrics scheduler closed (org.apache.kafka.common.metrics.Metrics:659)
[2022-07-21 12:05:29,358] INFO [local-file-sink|task-0] Closing reporter org.apache.kafka.common.metrics.JmxReporter (org.apache.kafka.common.metrics.Metrics:663)
[2022-07-21 12:05:29,358] INFO [local-file-sink|task-0] Metrics reporters closed (org.apache.kafka.common.metrics.Metrics:669)
[2022-07-21 12:05:29,360] INFO [local-file-sink|task-0] App info kafka.consumer for connector-consumer-local-file-sink-0 unregistered (org.apache.kafka.common.utils.AppInfoParser:83)
[2022-07-21 12:05:29,360] INFO [local-file-sink|worker] Stopping connector local-file-sink (org.apache.kafka.connect.runtime.Worker:375)
[2022-07-21 12:05:29,360] INFO [local-file-sink|worker] Scheduled shutdown for WorkerConnector{id=local-file-sink} (org.apache.kafka.connect.runtime.WorkerConnector:248)
[2022-07-21 12:05:29,360] INFO [local-file-sink|worker] Completed shutdown for WorkerConnector{id=local-file-sink} (org.apache.kafka.connect.runtime.WorkerConnector:268)
[2022-07-21 12:05:29,361] INFO Worker stopping (org.apache.kafka.connect.runtime.Worker:198)
[2022-07-21 12:05:29,361] INFO Stopped FileOffsetBackingStore (org.apache.kafka.connect.storage.FileOffsetBackingStore:66)
[2022-07-21 12:05:29,361] INFO Metrics scheduler closed (org.apache.kafka.common.metrics.Metrics:659)
[2022-07-21 12:05:29,361] INFO Closing reporter org.apache.kafka.common.metrics.JmxReporter (org.apache.kafka.common.metrics.Metrics:663)
[2022-07-21 12:05:29,361] INFO Metrics reporters closed (org.apache.kafka.common.metrics.Metrics:669)
[2022-07-21 12:05:29,361] INFO App info kafka.connect for 127.0.1.1:8083 unregistered (org.apache.kafka.common.utils.AppInfoParser:83)
[2022-07-21 12:05:29,362] INFO Worker stopped (org.apache.kafka.connect.runtime.Worker:219)
[2022-07-21 12:05:29,362] INFO Herder stopped (org.apache.kafka.connect.runtime.standalone.StandaloneHerder:124)
[2022-07-21 12:05:29,362] INFO Kafka Connect stopped (org.apache.kafka.connect.runtime.Connect:72)
