[2022-07-21 12:03:52,853] INFO [GroupCoordinator 0]: Dynamic member with unknown member id joins group console-consumer-84557 in Empty state. Created a new member id console-consumer-78fe02fb-88d0-433f-bff3-b6eb059ee7b4 and request the member to rejoin with this id. (kafka.coordinator.group.GroupCoordinator)
[2022-07-21 12:03:52,855] INFO [GroupCoordinator 0]: Preparing to rebalance group console-consumer-84557 in state PreparingRebalance with old generation 0 (__consumer_offsets-40) (reason: Adding new member console-consumer-78fe02fb-88d0-433f-bff3-b6eb059ee7b4 with group instance id None; client reason: rebalance failed due to 'The group member needs to have a valid member id before actually entering a consumer group.' (MemberIdRequiredException)) (kafka.coordinator.group.GroupCoordinator)
[2022-07-21 12:03:52,856] INFO [GroupCoordinator 0]: Stabilized group console-consumer-84557 generation 1 (__consumer_offsets-40) with 1 members (kafka.coordinator.group.GroupCoordinator)
[2022-07-21 12:03:52,860] INFO [GroupCoordinator 0]: Assignment received from leader console-consumer-78fe02fb-88d0-433f-bff3-b6eb059ee7b4 for group console-consumer-84557 for generation 1. The group has 1 members, 0 of which are static. (kafka.coordinator.group.GroupCoordinator)
[2022-07-21 12:03:58,727] INFO [GroupCoordinator 0]: Preparing to rebalance group console-consumer-84557 in state PreparingRebalance with old generation 1 (__consumer_offsets-40) (reason: Removing member console-consumer-78fe02fb-88d0-433f-bff3-b6eb059ee7b4 on LeaveGroup; client reason: the consumer is being closed) (kafka.coordinator.group.GroupCoordinator)
[2022-07-21 12:03:58,727] INFO [GroupCoordinator 0]: Group console-consumer-84557 with generation 2 is now empty (__consumer_offsets-40) (kafka.coordinator.group.GroupCoordinator)
[2022-07-21 12:03:58,728] INFO [GroupCoordinator 0]: Member MemberMetadata(memberId=console-consumer-78fe02fb-88d0-433f-bff3-b6eb059ee7b4, groupInstanceId=None, clientId=console-consumer, clientHost=/127.0.0.1, sessionTimeoutMs=45000, rebalanceTimeoutMs=300000, supportedProtocols=List(range, cooperative-sticky)) has left group console-consumer-84557 through explicit `LeaveGroup`; client reason: the consumer is being closed (kafka.coordinator.group.GroupCoordinator)
[2022-07-21 12:04:18,984] INFO [GroupCoordinator 0]: Dynamic member with unknown member id joins group console-consumer-30865 in Empty state. Created a new member id console-consumer-4dcfca55-39b6-4c8b-93f9-27a87b974a7a and request the member to rejoin with this id. (kafka.coordinator.group.GroupCoordinator)
[2022-07-21 12:04:18,986] INFO [GroupCoordinator 0]: Preparing to rebalance group console-consumer-30865 in state PreparingRebalance with old generation 0 (__consumer_offsets-33) (reason: Adding new member console-consumer-4dcfca55-39b6-4c8b-93f9-27a87b974a7a with group instance id None; client reason: rebalance failed due to 'The group member needs to have a valid member id before actually entering a consumer group.' (MemberIdRequiredException)) (kafka.coordinator.group.GroupCoordinator)
[2022-07-21 12:04:18,986] INFO [GroupCoordinator 0]: Stabilized group console-consumer-30865 generation 1 (__consumer_offsets-33) with 1 members (kafka.coordinator.group.GroupCoordinator)
[2022-07-21 12:04:18,990] INFO [GroupCoordinator 0]: Assignment received from leader console-consumer-4dcfca55-39b6-4c8b-93f9-27a87b974a7a for group console-consumer-30865 for generation 1. The group has 1 members, 0 of which are static. (kafka.coordinator.group.GroupCoordinator)
[2022-07-21 12:04:20,520] INFO [GroupCoordinator 0]: Preparing to rebalance group console-consumer-30865 in state PreparingRebalance with old generation 1 (__consumer_offsets-33) (reason: Removing member console-consumer-4dcfca55-39b6-4c8b-93f9-27a87b974a7a on LeaveGroup; client reason: the consumer is being closed) (kafka.coordinator.group.GroupCoordinator)
[2022-07-21 12:04:20,520] INFO [GroupCoordinator 0]: Group console-consumer-30865 with generation 2 is now empty (__consumer_offsets-33) (kafka.coordinator.group.GroupCoordinator)
[2022-07-21 12:04:20,522] INFO [GroupCoordinator 0]: Member MemberMetadata(memberId=console-consumer-4dcfca55-39b6-4c8b-93f9-27a87b974a7a, groupInstanceId=None, clientId=console-consumer, clientHost=/127.0.0.1, sessionTimeoutMs=45000, rebalanceTimeoutMs=300000, supportedProtocols=List(range, cooperative-sticky)) has left group console-consumer-30865 through explicit `LeaveGroup`; client reason: the consumer is being closed (kafka.coordinator.group.GroupCoordinator)
[2022-07-21 12:05:29,355] INFO [GroupCoordinator 0]: Preparing to rebalance group connect-local-file-sink in state PreparingRebalance with old generation 1 (__consumer_offsets-7) (reason: Removing member connector-consumer-local-file-sink-0-4f523a52-270f-4d1a-ac3f-fb94666b80d7 on LeaveGroup; client reason: the consumer is being closed) (kafka.coordinator.group.GroupCoordinator)
[2022-07-21 12:05:29,355] INFO [GroupCoordinator 0]: Group connect-local-file-sink with generation 2 is now empty (__consumer_offsets-7) (kafka.coordinator.group.GroupCoordinator)
[2022-07-21 12:05:29,357] INFO [GroupCoordinator 0]: Member MemberMetadata(memberId=connector-consumer-local-file-sink-0-4f523a52-270f-4d1a-ac3f-fb94666b80d7, groupInstanceId=None, clientId=connector-consumer-local-file-sink-0, clientHost=/127.0.0.1, sessionTimeoutMs=45000, rebalanceTimeoutMs=300000, supportedProtocols=List(range, cooperative-sticky)) has left group connect-local-file-sink through explicit `LeaveGroup`; client reason: the consumer is being closed (kafka.coordinator.group.GroupCoordinator)
[2022-07-21 12:10:53,603] INFO [GroupMetadataManager brokerId=0] Group console-consumer-30865 transitioned to Dead in generation 2 (kafka.coordinator.group.GroupMetadataManager)
[2022-07-21 12:10:53,604] INFO [GroupMetadataManager brokerId=0] Group console-consumer-84557 transitioned to Dead in generation 2 (kafka.coordinator.group.GroupMetadataManager)
[2022-07-21 12:12:07,687] INFO Terminating process due to signal SIGINT (org.apache.kafka.common.utils.LoggingSignalHandler)
[2022-07-21 12:12:07,690] INFO [KafkaServer id=0] shutting down (kafka.server.KafkaServer)
[2022-07-21 12:12:07,691] INFO [KafkaServer id=0] Starting controlled shutdown (kafka.server.KafkaServer)
[2022-07-21 12:12:07,711] INFO [KafkaServer id=0] Controlled shutdown request returned successfully after 12ms (kafka.server.KafkaServer)
[2022-07-21 12:12:07,714] INFO [/config/changes-event-process-thread]: Shutting down (kafka.common.ZkNodeChangeNotificationListener$ChangeEventProcessThread)
[2022-07-21 12:12:07,715] INFO [/config/changes-event-process-thread]: Shutdown completed (kafka.common.ZkNodeChangeNotificationListener$ChangeEventProcessThread)
[2022-07-21 12:12:07,715] INFO [/config/changes-event-process-thread]: Stopped (kafka.common.ZkNodeChangeNotificationListener$ChangeEventProcessThread)
[2022-07-21 12:12:07,717] INFO [SocketServer listenerType=ZK_BROKER, nodeId=0] Stopping socket server request processors (kafka.network.SocketServer)
[2022-07-21 12:12:07,722] INFO [SocketServer listenerType=ZK_BROKER, nodeId=0] Stopped socket server request processors (kafka.network.SocketServer)
[2022-07-21 12:12:07,722] INFO [data-plane Kafka Request Handler on Broker 0], shutting down (kafka.server.KafkaRequestHandlerPool)
[2022-07-21 12:12:07,723] INFO [data-plane Kafka Request Handler on Broker 0], shut down completely (kafka.server.KafkaRequestHandlerPool)
[2022-07-21 12:12:07,725] INFO [ExpirationReaper-0-AlterAcls]: Shutting down (kafka.server.DelayedOperationPurgatory$ExpiredOperationReaper)
[2022-07-21 12:12:07,726] INFO [ExpirationReaper-0-AlterAcls]: Shutdown completed (kafka.server.DelayedOperationPurgatory$ExpiredOperationReaper)
[2022-07-21 12:12:07,726] INFO [ExpirationReaper-0-AlterAcls]: Stopped (kafka.server.DelayedOperationPurgatory$ExpiredOperationReaper)
[2022-07-21 12:12:07,727] INFO [KafkaApi-0] Shutdown complete. (kafka.server.KafkaApis)
[2022-07-21 12:12:07,727] INFO [ExpirationReaper-0-topic]: Shutting down (kafka.server.DelayedOperationPurgatory$ExpiredOperationReaper)
[2022-07-21 12:12:07,727] INFO [ExpirationReaper-0-topic]: Stopped (kafka.server.DelayedOperationPurgatory$ExpiredOperationReaper)
[2022-07-21 12:12:07,727] INFO [ExpirationReaper-0-topic]: Shutdown completed (kafka.server.DelayedOperationPurgatory$ExpiredOperationReaper)
[2022-07-21 12:12:07,728] INFO [TransactionCoordinator id=0] Shutting down. (kafka.coordinator.transaction.TransactionCoordinator)
[2022-07-21 12:12:07,729] INFO [Transaction State Manager 0]: Shutdown complete (kafka.coordinator.transaction.TransactionStateManager)
[2022-07-21 12:12:07,729] INFO [Transaction Marker Channel Manager 0]: Shutting down (kafka.coordinator.transaction.TransactionMarkerChannelManager)
[2022-07-21 12:12:07,729] INFO [Transaction Marker Channel Manager 0]: Shutdown completed (kafka.coordinator.transaction.TransactionMarkerChannelManager)
[2022-07-21 12:12:07,729] INFO [Transaction Marker Channel Manager 0]: Stopped (kafka.coordinator.transaction.TransactionMarkerChannelManager)
[2022-07-21 12:12:07,729] INFO [TransactionCoordinator id=0] Shutdown complete. (kafka.coordinator.transaction.TransactionCoordinator)
[2022-07-21 12:12:07,730] INFO [GroupCoordinator 0]: Shutting down. (kafka.coordinator.group.GroupCoordinator)
[2022-07-21 12:12:07,730] INFO [ExpirationReaper-0-Heartbeat]: Shutting down (kafka.server.DelayedOperationPurgatory$ExpiredOperationReaper)
[2022-07-21 12:12:07,730] INFO [ExpirationReaper-0-Heartbeat]: Stopped (kafka.server.DelayedOperationPurgatory$ExpiredOperationReaper)
[2022-07-21 12:12:07,730] INFO [ExpirationReaper-0-Heartbeat]: Shutdown completed (kafka.server.DelayedOperationPurgatory$ExpiredOperationReaper)
[2022-07-21 12:12:07,731] INFO [ExpirationReaper-0-Rebalance]: Shutting down (kafka.server.DelayedOperationPurgatory$ExpiredOperationReaper)
[2022-07-21 12:12:07,731] INFO [ExpirationReaper-0-Rebalance]: Stopped (kafka.server.DelayedOperationPurgatory$ExpiredOperationReaper)
[2022-07-21 12:12:07,731] INFO [ExpirationReaper-0-Rebalance]: Shutdown completed (kafka.server.DelayedOperationPurgatory$ExpiredOperationReaper)
[2022-07-21 12:12:07,731] INFO [GroupCoordinator 0]: Shutdown complete. (kafka.coordinator.group.GroupCoordinator)
[2022-07-21 12:12:07,732] INFO [ReplicaManager broker=0] Shutting down (kafka.server.ReplicaManager)
[2022-07-21 12:12:07,732] INFO [LogDirFailureHandler]: Shutting down (kafka.server.ReplicaManager$LogDirFailureHandler)
[2022-07-21 12:12:07,732] INFO [LogDirFailureHandler]: Shutdown completed (kafka.server.ReplicaManager$LogDirFailureHandler)
[2022-07-21 12:12:07,732] INFO [LogDirFailureHandler]: Stopped (kafka.server.ReplicaManager$LogDirFailureHandler)
[2022-07-21 12:12:07,732] INFO [ReplicaFetcherManager on broker 0] shutting down (kafka.server.ReplicaFetcherManager)
[2022-07-21 12:12:07,733] INFO [ReplicaFetcherManager on broker 0] shutdown completed (kafka.server.ReplicaFetcherManager)
[2022-07-21 12:12:07,733] INFO [ReplicaAlterLogDirsManager on broker 0] shutting down (kafka.server.ReplicaAlterLogDirsManager)
[2022-07-21 12:12:07,733] INFO [ReplicaAlterLogDirsManager on broker 0] shutdown completed (kafka.server.ReplicaAlterLogDirsManager)
[2022-07-21 12:12:07,733] INFO [ExpirationReaper-0-Fetch]: Shutting down (kafka.server.DelayedOperationPurgatory$ExpiredOperationReaper)
[2022-07-21 12:12:07,733] INFO [ExpirationReaper-0-Fetch]: Stopped (kafka.server.DelayedOperationPurgatory$ExpiredOperationReaper)
[2022-07-21 12:12:07,734] INFO [ExpirationReaper-0-Fetch]: Shutdown completed (kafka.server.DelayedOperationPurgatory$ExpiredOperationReaper)
[2022-07-21 12:12:07,734] INFO [ExpirationReaper-0-Produce]: Shutting down (kafka.server.DelayedOperationPurgatory$ExpiredOperationReaper)
[2022-07-21 12:12:07,734] INFO [ExpirationReaper-0-Produce]: Stopped (kafka.server.DelayedOperationPurgatory$ExpiredOperationReaper)
[2022-07-21 12:12:07,734] INFO [ExpirationReaper-0-Produce]: Shutdown completed (kafka.server.DelayedOperationPurgatory$ExpiredOperationReaper)
[2022-07-21 12:12:07,734] INFO [ExpirationReaper-0-DeleteRecords]: Shutting down (kafka.server.DelayedOperationPurgatory$ExpiredOperationReaper)
[2022-07-21 12:12:07,734] INFO [ExpirationReaper-0-DeleteRecords]: Stopped (kafka.server.DelayedOperationPurgatory$ExpiredOperationReaper)
[2022-07-21 12:12:07,734] INFO [ExpirationReaper-0-DeleteRecords]: Shutdown completed (kafka.server.DelayedOperationPurgatory$ExpiredOperationReaper)
[2022-07-21 12:12:07,735] INFO [ExpirationReaper-0-ElectLeader]: Shutting down (kafka.server.DelayedOperationPurgatory$ExpiredOperationReaper)
[2022-07-21 12:12:07,735] INFO [ExpirationReaper-0-ElectLeader]: Stopped (kafka.server.DelayedOperationPurgatory$ExpiredOperationReaper)
[2022-07-21 12:12:07,735] INFO [ExpirationReaper-0-ElectLeader]: Shutdown completed (kafka.server.DelayedOperationPurgatory$ExpiredOperationReaper)
[2022-07-21 12:12:07,737] INFO [ReplicaManager broker=0] Shut down completely (kafka.server.ReplicaManager)
[2022-07-21 12:12:07,737] INFO [BrokerToControllerChannelManager broker=0 name=alterPartition]: Shutting down (kafka.server.BrokerToControllerRequestThread)
[2022-07-21 12:12:07,737] INFO [BrokerToControllerChannelManager broker=0 name=alterPartition]: Stopped (kafka.server.BrokerToControllerRequestThread)
[2022-07-21 12:12:07,737] INFO [BrokerToControllerChannelManager broker=0 name=alterPartition]: Shutdown completed (kafka.server.BrokerToControllerRequestThread)
[2022-07-21 12:12:07,738] INFO Broker to controller channel manager for alterPartition shutdown (kafka.server.BrokerToControllerChannelManagerImpl)
[2022-07-21 12:12:07,739] INFO [BrokerToControllerChannelManager broker=0 name=forwarding]: Shutting down (kafka.server.BrokerToControllerRequestThread)
[2022-07-21 12:12:07,739] INFO [BrokerToControllerChannelManager broker=0 name=forwarding]: Stopped (kafka.server.BrokerToControllerRequestThread)
[2022-07-21 12:12:07,739] INFO [BrokerToControllerChannelManager broker=0 name=forwarding]: Shutdown completed (kafka.server.BrokerToControllerRequestThread)
[2022-07-21 12:12:07,739] INFO Broker to controller channel manager for forwarding shutdown (kafka.server.BrokerToControllerChannelManagerImpl)
[2022-07-21 12:12:07,739] INFO Shutting down. (kafka.log.LogManager)
[2022-07-21 12:12:07,765] INFO [ProducerStateManager partition=__consumer_offsets-33] Wrote producer snapshot at offset 3 with 0 producer ids in 3 ms. (kafka.log.ProducerStateManager)
[2022-07-21 12:12:07,775] INFO [ProducerStateManager partition=__consumer_offsets-40] Wrote producer snapshot at offset 3 with 0 producer ids in 1 ms. (kafka.log.ProducerStateManager)
[2022-07-21 12:12:07,778] INFO [ProducerStateManager partition=__consumer_offsets-17] Wrote producer snapshot at offset 3 with 0 producer ids in 1 ms. (kafka.log.ProducerStateManager)
[2022-07-21 12:12:07,783] INFO [ProducerStateManager partition=connect-test-0] Wrote producer snapshot at offset 3 with 0 producer ids in 1 ms. (kafka.log.ProducerStateManager)
[2022-07-21 12:12:07,791] INFO [ProducerStateManager partition=__consumer_offsets-10] Wrote producer snapshot at offset 3 with 0 producer ids in 2 ms. (kafka.log.ProducerStateManager)
[2022-07-21 12:12:07,797] INFO [ProducerStateManager partition=__consumer_offsets-7] Wrote producer snapshot at offset 4 with 0 producer ids in 1 ms. (kafka.log.ProducerStateManager)
[2022-07-21 12:12:07,800] INFO [ProducerStateManager partition=quickstart-events-0] Wrote producer snapshot at offset 8 with 4 producer ids in 2 ms. (kafka.log.ProducerStateManager)
[2022-07-21 12:12:07,805] INFO [ProducerStateManager partition=__consumer_offsets-46] Wrote producer snapshot at offset 3 with 0 producer ids in 2 ms. (kafka.log.ProducerStateManager)
[2022-07-21 12:12:07,818] INFO Shutdown complete. (kafka.log.LogManager)
[2022-07-21 12:12:07,822] INFO [feature-zk-node-event-process-thread]: Shutting down (kafka.server.FinalizedFeatureChangeListener$ChangeNotificationProcessorThread)
[2022-07-21 12:12:07,822] INFO [feature-zk-node-event-process-thread]: Shutdown completed (kafka.server.FinalizedFeatureChangeListener$ChangeNotificationProcessorThread)
[2022-07-21 12:12:07,822] INFO [feature-zk-node-event-process-thread]: Stopped (kafka.server.FinalizedFeatureChangeListener$ChangeNotificationProcessorThread)
[2022-07-21 12:12:07,822] INFO [ZooKeeperClient Kafka server] Closing. (kafka.zookeeper.ZooKeeperClient)
[2022-07-21 12:12:07,927] INFO Session: 0x100005a71270000 closed (org.apache.zookeeper.ZooKeeper)
[2022-07-21 12:12:07,927] INFO EventThread shut down for session: 0x100005a71270000 (org.apache.zookeeper.ClientCnxn)
[2022-07-21 12:12:07,928] INFO [ZooKeeperClient Kafka server] Closed. (kafka.zookeeper.ZooKeeperClient)
[2022-07-21 12:12:07,928] INFO [ThrottledChannelReaper-Fetch]: Shutting down (kafka.server.ClientQuotaManager$ThrottledChannelReaper)
[2022-07-21 12:12:07,930] INFO [ThrottledChannelReaper-Fetch]: Stopped (kafka.server.ClientQuotaManager$ThrottledChannelReaper)
[2022-07-21 12:12:07,930] INFO [ThrottledChannelReaper-Fetch]: Shutdown completed (kafka.server.ClientQuotaManager$ThrottledChannelReaper)
[2022-07-21 12:12:07,930] INFO [ThrottledChannelReaper-Produce]: Shutting down (kafka.server.ClientQuotaManager$ThrottledChannelReaper)
[2022-07-21 12:12:07,930] INFO [ThrottledChannelReaper-Produce]: Stopped (kafka.server.ClientQuotaManager$ThrottledChannelReaper)
[2022-07-21 12:12:07,930] INFO [ThrottledChannelReaper-Produce]: Shutdown completed (kafka.server.ClientQuotaManager$ThrottledChannelReaper)
[2022-07-21 12:12:07,930] INFO [ThrottledChannelReaper-Request]: Shutting down (kafka.server.ClientQuotaManager$ThrottledChannelReaper)
[2022-07-21 12:12:07,930] INFO [ThrottledChannelReaper-Request]: Stopped (kafka.server.ClientQuotaManager$ThrottledChannelReaper)
[2022-07-21 12:12:07,930] INFO [ThrottledChannelReaper-Request]: Shutdown completed (kafka.server.ClientQuotaManager$ThrottledChannelReaper)
[2022-07-21 12:12:07,930] INFO [ThrottledChannelReaper-ControllerMutation]: Shutting down (kafka.server.ClientQuotaManager$ThrottledChannelReaper)
[2022-07-21 12:12:07,930] INFO [ThrottledChannelReaper-ControllerMutation]: Stopped (kafka.server.ClientQuotaManager$ThrottledChannelReaper)
[2022-07-21 12:12:07,930] INFO [ThrottledChannelReaper-ControllerMutation]: Shutdown completed (kafka.server.ClientQuotaManager$ThrottledChannelReaper)
[2022-07-21 12:12:07,931] INFO [SocketServer listenerType=ZK_BROKER, nodeId=0] Shutting down socket server (kafka.network.SocketServer)
[2022-07-21 12:12:07,943] INFO [SocketServer listenerType=ZK_BROKER, nodeId=0] Shutdown completed (kafka.network.SocketServer)
[2022-07-21 12:12:07,945] INFO Metrics scheduler closed (org.apache.kafka.common.metrics.Metrics)
[2022-07-21 12:12:07,945] INFO Closing reporter org.apache.kafka.common.metrics.JmxReporter (org.apache.kafka.common.metrics.Metrics)
[2022-07-21 12:12:07,945] INFO Metrics reporters closed (org.apache.kafka.common.metrics.Metrics)
[2022-07-21 12:12:07,946] INFO Broker and topic stats closed (kafka.server.BrokerTopicStats)
[2022-07-21 12:12:07,947] INFO App info kafka.server for 0 unregistered (org.apache.kafka.common.utils.AppInfoParser)
[2022-07-21 12:12:07,947] INFO [KafkaServer id=0] shut down completed (kafka.server.KafkaServer)
